<?xml version="1.0" encoding="UTF-8"?>
<!-- Generated by org.testng.reporters.JUnitXMLReporter -->
<testsuite ignored="0" hostname="LAPTOP-272S7SFP" failures="1" tests="1" name="Test1" time="0.511" errors="0" timestamp="15 sep. 2020 00:23:58 GMT">
  <testcase classname="Tutorialinter.Prueba01.AppTest" name="Caso1Login" time="0.212">
    <failure type="java.lang.NullPointerException">
      <![CDATA[java.lang.NullPointerException
	at Tutorialinter.Prueba01.AppTest.Caso1Login(AppTest.java:41)
... Removed 26 stack frames]]>
    </failure>
  </testcase> <!-- Caso1Login -->
</testsuite> <!-- Test1 -->
