<?xml version="1.0" encoding="UTF-8"?>
<testng-results ignored="0" total="1" passed="1" failed="0" skipped="0">
  <reporter-output>
  </reporter-output>
  <suite started-at="2020-09-18T01:24:58Z" name="Default suite" finished-at="2020-09-18T01:25:27Z" duration-ms="29302">
    <groups>
    </groups>
    <test started-at="2020-09-18T01:24:58Z" name="Default test" finished-at="2020-09-18T01:25:27Z" duration-ms="29302">
      <class name="Tutorialinter.Prueba01.AppTest">
        <test-method is-config="true" signature="CargarPagina()[pri:0, instance:Tutorialinter.Prueba01.AppTest@273e7444]" started-at="2020-09-17T20:24:58Z" name="CargarPagina" finished-at="2020-09-17T20:25:12Z" duration-ms="14148" status="PASS">
          <reporter-output>
          </reporter-output>
        </test-method> <!-- CargarPagina -->
        <test-method signature="Caso1Login()[pri:1, instance:Tutorialinter.Prueba01.AppTest@273e7444]" started-at="2020-09-17T20:25:12Z" name="Caso1Login" finished-at="2020-09-17T20:25:22Z" duration-ms="10283" status="PASS">
          <reporter-output>
          </reporter-output>
        </test-method> <!-- Caso1Login -->
        <test-method is-config="true" signature="CerrarNavegador()[pri:0, instance:Tutorialinter.Prueba01.AppTest@273e7444]" started-at="2020-09-17T20:25:22Z" name="CerrarNavegador" finished-at="2020-09-17T20:25:27Z" duration-ms="4734" status="PASS">
          <reporter-output>
          </reporter-output>
        </test-method> <!-- CerrarNavegador -->
      </class> <!-- Tutorialinter.Prueba01.AppTest -->
    </test> <!-- Default test -->
  </suite> <!-- Default suite -->
</testng-results>
